maptest Zmax=63 Rad=87
a211_00 Zmax=32 Rad=50
a211_01 Zmax=32 Rad=49
a212_00 Zmax=31 Rad=122
a212_01 Zmax=31 Rad=122
a212_02 Zmax=40 Rad=75
a213_00 Zmax=36 Rad=67
a211_03 Zmax=40 Rad=67
a212_03 Zmax=40 Rad=75
a213_01 Zmax=36 Rad=67
a211_04 Zmax=36 Rad=71
a211_05 Zmax=36 Rad=71
a211_02 Zmax=40 Rad=67
a211_14c Zmax=40 Rad=124
a212_14 Zmax=40 Rad=124
a213_12 Zmax=36 Rad=129
a211_15c Zmax=40 Rad=124
a212_15 Zmax=40 Rad=124
a213_13 Zmax=36 Rad=129
a212_05 Zmax=40 Rad=132
a211_17c Zmax=36 Rad=132
a213_02 Zmax=40 Rad=132
a212_04 Zmax=40 Rad=132
a211_16c Zmax=36 Rad=132
a213_03 Zmax=40 Rad=132
a211_06 Zmax=35 Rad=95
a212_06 Zmax=35 Rad=95
a213_04 Zmax=35 Rad=95
a211_07 Zmax=35 Rad=95
a212_07 Zmax=35 Rad=95
a213_05 Zmax=35 Rad=95
a211_08 Zmax=35 Rad=98
a211_09 Zmax=35 Rad=98
a211_18c Zmax=40 Rad=138
a212_16 Zmax=40 Rad=138
a213_14 Zmax=40 Rad=140
a211_19c Zmax=40 Rad=138
a212_17 Zmax=40 Rad=138
a213_15 Zmax=40 Rad=140
a213_06 Zmax=40 Rad=148
a212_08 Zmax=40 Rad=148
a211_20c Zmax=40 Rad=148
a213_07 Zmax=40 Rad=148
a212_09 Zmax=40 Rad=148
a211_21c Zmax=40 Rad=148
a211_10 Zmax=60 Rad=67
a212_10 Zmax=60 Rad=75
a213_08 Zmax=60 Rad=67
a211_11 Zmax=60 Rad=67
a212_11 Zmax=60 Rad=75
a213_09 Zmax=60 Rad=67
a211_12 Zmax=60 Rad=71
a211_13 Zmax=60 Rad=71
a211_22c Zmax=60 Rad=124
a212_18 Zmax=60 Rad=124
a213_16 Zmax=60 Rad=129
a211_23c Zmax=60 Rad=124
a212_19 Zmax=60 Rad=124
a213_17 Zmax=60 Rad=129
a213_10 Zmax=60 Rad=132
a212_12 Zmax=60 Rad=132
a211_24c Zmax=60 Rad=132
a213_11 Zmax=60 Rad=132
a212_13 Zmax=60 Rad=132
a211_25c Zmax=60 Rad=132
a212_20 Zmax=30 Rad=122
af11_38c Zmax=120 Rad=188
af11_37c Zmax=120 Rad=188
af11_14 Zmax=60 Rad=132
af11_17 Zmax=60 Rad=132
af11_08 Zmax=35 Rad=148
af11_11 Zmax=35 Rad=148
af11_00 Zmax=35 Rad=123
af11_01c Zmax=32 Rad=133
af11_02 Zmax=36 Rad=132
af11_03 Zmax=32 Rad=133
af11_04c Zmax=32 Rad=133
af11_05 Zmax=36 Rad=132
af11_06 Zmax=32 Rad=133
af11_07c Zmax=32 Rad=134
af11_09c Zmax=32 Rad=133
af11_10c Zmax=32 Rad=134
af11_12c Zmax=32 Rad=133
af11_19c Zmax=32 Rad=133
af11_20c Zmax=32 Rad=133
af11_13 Zmax=60 Rad=143
af11_15 Zmax=62 Rad=145
af11_16 Zmax=60 Rad=143
af11_18 Zmax=62 Rad=145
af11_23c Zmax=65 Rad=144
af11_24c Zmax=65 Rad=144
af11_25c Zmax=95 Rad=176
af11_27c Zmax=95 Rad=174
af11_26c Zmax=95 Rad=176
af11_28c Zmax=95 Rad=174
af11_29c Zmax=120 Rad=176
af11_31c Zmax=125 Rad=180
af11_30c Zmax=120 Rad=176
af11_32c Zmax=125 Rad=180
af11_21c Zmax=66 Rad=142
af11_22c Zmax=66 Rad=142
af10_38 Zmax=120 Rad=150
af10_00 Zmax=31 Rad=43
af10_01 Zmax=34 Rad=69
af10_02 Zmax=36 Rad=67
af10_03 Zmax=32 Rad=68
af10_04 Zmax=34 Rad=69
af10_05 Zmax=36 Rad=67
af21_06c Zmax=93 Rad=172
af11_39 Zmax=35 Rad=123
af20_05 Zmax=93 Rad=129
af20_06 Zmax=93 Rad=129
af10_19 Zmax=31 Rad=68
af10_20 Zmax=31 Rad=68
af10_08 Zmax=36 Rad=95
af10_11 Zmax=36 Rad=95
af10_14 Zmax=60 Rad=67
af10_17 Zmax=60 Rad=67
af10_13 Zmax=60 Rad=86
af10_15 Zmax=62 Rad=88
af10_16 Zmax=60 Rad=86
af10_18 Zmax=62 Rad=88
af10_21 Zmax=66 Rad=85
af10_23 Zmax=65 Rad=88
af10_22 Zmax=66 Rad=85
af10_24 Zmax=65 Rad=88
af10_25 Zmax=95 Rad=134
af10_27 Zmax=95 Rad=131
af10_26 Zmax=95 Rad=134
af10_28 Zmax=95 Rad=131
af10_29 Zmax=120 Rad=134
af10_31 Zmax=125 Rad=139
af10_30 Zmax=120 Rad=134
af10_32 Zmax=125 Rad=139
af20_00 Zmax=33 Rad=68
af20_01 Zmax=36 Rad=100
af20_03 Zmax=96 Rad=134
af20_04 Zmax=96 Rad=134
af20_02 Zmax=36 Rad=100
af21_00 Zmax=33 Rad=133
af21_01 Zmax=36 Rad=151
af21_03c Zmax=96 Rad=168
af21_04c Zmax=96 Rad=168
af21_02 Zmax=36 Rad=151
af21_05c Zmax=93 Rad=172
af21_07 Zmax=33 Rad=133
a112_00 Zmax=31 Rad=122
a112_01 Zmax=31 Rad=122
a111_00 Zmax=33 Rad=46
a111_01 Zmax=35 Rad=46
a111_14c Zmax=40 Rad=127
a112_14 Zmax=40 Rad=127
a113_12 Zmax=36 Rad=129
a111_15c Zmax=40 Rad=127
a112_15 Zmax=40 Rad=127
a113_13 Zmax=36 Rad=129
a113_02 Zmax=40 Rad=132
a112_04 Zmax=40 Rad=132
a111_16c Zmax=36 Rad=132
a113_03 Zmax=40 Rad=132
a112_05 Zmax=40 Rad=132
a111_17c Zmax=36 Rad=132
a111_02 Zmax=40 Rad=67
a112_02 Zmax=40 Rad=67
a113_00 Zmax=36 Rad=67
a111_03 Zmax=40 Rad=67
a112_03 Zmax=40 Rad=67
a113_01 Zmax=36 Rad=67
a111_04 Zmax=36 Rad=68
a111_05 Zmax=36 Rad=68
a111_18c Zmax=40 Rad=139
a112_16 Zmax=40 Rad=139
a113_14 Zmax=35 Rad=139
a111_19c Zmax=40 Rad=139
a112_17 Zmax=40 Rad=139
a113_15 Zmax=35 Rad=139
a113_06 Zmax=35 Rad=148
a112_08 Zmax=35 Rad=148
a111_20c Zmax=35 Rad=148
a113_07 Zmax=35 Rad=148
a112_09 Zmax=35 Rad=148
a111_21c Zmax=35 Rad=148
a111_06 Zmax=40 Rad=95
a112_06 Zmax=35 Rad=95
a113_04 Zmax=35 Rad=95
a111_07 Zmax=40 Rad=95
a112_07 Zmax=35 Rad=95
a113_05 Zmax=35 Rad=95
a111_08 Zmax=35 Rad=96
a111_09 Zmax=35 Rad=96
a111_22c Zmax=60 Rad=127
a112_18 Zmax=60 Rad=127
a113_16 Zmax=60 Rad=129
a111_23c Zmax=60 Rad=127
a112_19 Zmax=60 Rad=127
a113_17 Zmax=60 Rad=129
a113_10 Zmax=60 Rad=132
a112_12 Zmax=60 Rad=132
a111_24c Zmax=60 Rad=132
a113_11 Zmax=60 Rad=132
a112_13 Zmax=60 Rad=132
a111_25c Zmax=60 Rad=132
a111_10 Zmax=60 Rad=67
a112_10 Zmax=60 Rad=67
a113_08 Zmax=60 Rad=67
a111_11 Zmax=60 Rad=67
a112_11 Zmax=60 Rad=67
a113_09 Zmax=60 Rad=67
a111_12 Zmax=60 Rad=68
a111_13 Zmax=60 Rad=68
a121_00 Zmax=32 Rad=69
a122_00 Zmax=32 Rad=134
a122_01 Zmax=32 Rad=132
a121_01 Zmax=33 Rad=68
a112_20 Zmax=30 Rad=122
a121_02c Zmax=33 Rad=68
a121_03c Zmax=33 Rad=68
a121_04c Zmax=33 Rad=68
aj12_12c Zmax=60 Rad=70
aj12_13c Zmax=60 Rad=70
aj21_12 Zmax=60 Rad=72
aj21_13 Zmax=60 Rad=72
aj12_14c Zmax=60 Rad=124
aj12_15c Zmax=60 Rad=124
aj12_16c Zmax=60 Rad=132
aj12_17c Zmax=60 Rad=132
aj21_14 Zmax=60 Rad=127
aj21_15 Zmax=60 Rad=127
aj21_16 Zmax=60 Rad=132
aj21_17 Zmax=60 Rad=132
aj12_00c Zmax=40 Rad=70
aj12_01c Zmax=40 Rad=70
aj21_00 Zmax=40 Rad=72
aj21_01 Zmax=40 Rad=72
aj12_02c Zmax=40 Rad=124
aj12_03c Zmax=40 Rad=124
aj21_02 Zmax=40 Rad=127
aj21_03 Zmax=40 Rad=127
aj21_04 Zmax=40 Rad=132
aj21_05 Zmax=40 Rad=132
aj12_04c Zmax=40 Rad=132
aj12_05c Zmax=40 Rad=132
aj12_08c Zmax=40 Rad=138
aj12_09c Zmax=40 Rad=138
aj21_08 Zmax=40 Rad=139
aj21_09 Zmax=40 Rad=139
aj21_10 Zmax=40 Rad=148
aj21_11 Zmax=40 Rad=148
aj12_10c Zmax=35 Rad=148
aj12_11c Zmax=35 Rad=148
aj12_06c Zmax=35 Rad=95
aj12_07c Zmax=35 Rad=95
aj21_06 Zmax=35 Rad=95
aj21_07 Zmax=35 Rad=95
AUD2_00 Zmax=33 Rad=75
AUD2_01 Zmax=33 Rad=75
aud2_15c Zmax=32 Rad=77
aud2_02c Zmax=32 Rad=84
aud2_05c Zmax=32 Rad=82
aud2_18c Zmax=32 Rad=76
aud2_16c Zmax=32 Rad=77
aud2_03c Zmax=32 Rad=84
aud2_04c Zmax=32 Rad=82
aud2_17c Zmax=32 Rad=76
aud2_10c Zmax=32 Rad=72
aud2_12c Zmax=32 Rad=72
aud2_06c Zmax=32 Rad=72
aud2_08c Zmax=32 Rad=72
aud2_14c Zmax=33 Rad=75
aud2_07c Zmax=32 Rad=72
aud2_09c Zmax=32 Rad=72
aud2_11c Zmax=32 Rad=72
aud2_13c Zmax=32 Rad=72
ac10_20 Zmax=93 Rad=110
ac10_19 Zmax=93 Rad=113
ac10_18 Zmax=63 Rad=85
ac10_17 Zmax=66 Rad=89
ac10_16 Zmax=93 Rad=127
ac10_15 Zmax=96 Rad=144
ac10_14 Zmax=96 Rad=127
ac10_13 Zmax=96 Rad=127
ac10_12 Zmax=96 Rad=127
ac10_11 Zmax=96 Rad=127
ac10_10 Zmax=96 Rad=113
ac10_09 Zmax=96 Rad=113
ac10_07 Zmax=93 Rad=111
ac10_08 Zmax=93 Rad=111
ac10_06 Zmax=96 Rad=127
ac10_04 Zmax=36 Rad=95
ac10_05 Zmax=96 Rad=127
ac10_01 Zmax=66 Rad=110
ac10_02 Zmax=66 Rad=110
ac10_03 Zmax=36 Rad=95
ac10_00 Zmax=126 Rad=166
ac11_00c Zmax=126 Rad=201
ac11_01c Zmax=66 Rad=158
ac11_02c Zmax=66 Rad=158
ac11_03c Zmax=36 Rad=148
ac11_04c Zmax=36 Rad=148
ac11_05c Zmax=96 Rad=171
ac11_06c Zmax=96 Rad=171
ac11_07c Zmax=93 Rad=159
ac11_08c Zmax=93 Rad=159
ac11_09c Zmax=96 Rad=161
ac11_10c Zmax=96 Rad=161
ac11_11c Zmax=96 Rad=171
ac11_12c Zmax=96 Rad=171
ac11_13c Zmax=96 Rad=171
ac11_14c Zmax=96 Rad=171
ac11_15c Zmax=96 Rad=184
ac11_16c Zmax=92 Rad=171
ac11_17c Zmax=63 Rad=143
ac11_18c Zmax=62 Rad=142
ac11_19c Zmax=93 Rad=160
ac11_20c Zmax=92 Rad=159
af10_33 Zmax=66 Rad=85
af11_33c Zmax=66 Rad=142
af10_34 Zmax=66 Rad=85
af11_34c Zmax=66 Rad=142
af10_35 Zmax=65 Rad=108
af11_35c Zmax=65 Rad=157
af10_36 Zmax=65 Rad=108
af11_36c Zmax=65 Rad=157
af10_37 Zmax=120 Rad=150
ga_01c Zmax=10 Rad=58
ga_00c Zmax=10 Rad=85
ga_02c Zmax=33 Rad=63
ga_03c Zmax=63 Rad=83
cga_00c Zmax=33 Rad=82
bu_01c Zmax=30 Rad=82
bu_02c Zmax=20 Rad=82
stga_02 Zmax=65 Rad=88
stga_03 Zmax=65 Rad=114
stga_04 Zmax=35 Rad=69
stga_05 Zmax=35 Rad=100
bu_00 Zmax=20 Rad=96
ctb Zmax=29 Rad=115
std_00c Zmax=90 Rad=102
std_01c Zmax=90 Rad=102
tob_00c Zmax=26 Rad=107
stb_00c Zmax=63 Rad=114
stb_01c Zmax=33 Rad=100
stb_02c Zmax=63 Rad=112
null_00 Zmax=30 Rad=42
mro_02c Zmax=65 Rad=158
mro_01c Zmax=65 Rad=158
mro_00 Zmax=65 Rad=158
mro_00c Zmax=63 Rad=133
gd_00c Zmax=122 Rad=126
gd_01c Zmax=122 Rad=136
gd_02c Zmax=122 Rad=136
gd_03c Zmax=122 Rad=135
me_00c Zmax=32 Rad=47
me_01c Zmax=92 Rad=111
me_02c Zmax=92 Rad=111
tek_00c Zmax=120 Rad=140
tek_01c Zmax=32 Rad=85
tek_02c Zmax=123 Rad=137
wr_00c Zmax=30 Rad=91
wl_00c Zmax=30 Rad=91
sos30 Zmax=60 Rad=96
sos45 Zmax=60 Rad=137
stb_03c Zmax=32 Rad=110
stb_04c Zmax=32 Rad=154
stb_05c Zmax=32 Rad=153
stb_06c Zmax=32 Rad=153
stb_07c Zmax=32 Rad=109
stb_08c Zmax=32 Rad=172
stb_09c Zmax=32 Rad=172
stb_10c Zmax=62 Rad=162
stb_11c Zmax=62 Rad=162
stb_12c Zmax=32 Rad=138
stb_13c Zmax=32 Rad=138
dan_00c Zmax=32 Rad=49
dan_01c Zmax=32 Rad=101
dan_03c Zmax=32 Rad=48
dan_02c Zmax=32 Rad=100
ball_00c Zmax=10 Rad=37
ctw_c Zmax=20 Rad=89
tow_00c Zmax=21 Rad=102
stx_00 Zmax=63 Rad=110
stx_01 Zmax=64 Rad=136
stx_02 Zmax=34 Rad=125
stx_03 Zmax=63 Rad=112
stx_04 Zmax=64 Rad=90
stx_05 Zmax=33 Rad=68
ga_04c Zmax=10 Rad=113
aw10_00c Zmax=35 Rad=76
aw10_01c Zmax=35 Rad=76
aw10_02c Zmax=35 Rad=73
shapes_end
